2023-06-01  9:21:01 0 [Note] Starting MariaDB 10.4.28-MariaDB source revision c8f2e9a5c0ac5905f28b050b7df5a9ffd914b7e7 as process 12648
2023-06-01  9:21:01 0 [Note] InnoDB: Mutexes and rw_locks use Windows interlocked functions
2023-06-01  9:21:01 0 [Note] InnoDB: Uses event mutexes
2023-06-01  9:21:01 0 [Note] InnoDB: Compressed tables use zlib 1.2.12
2023-06-01  9:21:01 0 [Note] InnoDB: Number of pools: 1
2023-06-01  9:21:01 0 [Note] InnoDB: Using SSE2 crc32 instructions
2023-06-01  9:21:01 0 [Note] InnoDB: Initializing buffer pool, total size = 16M, instances = 1, chunk size = 16M
2023-06-01  9:21:01 0 [Note] InnoDB: Completed initialization of buffer pool
2023-06-01  9:21:01 0 [Note] InnoDB: Starting crash recovery from checkpoint LSN=300288
2023-06-01  9:21:01 0 [Note] InnoDB: 128 out of 128 rollback segments are active.
2023-06-01  9:21:01 0 [Note] InnoDB: Removed temporary tablespace data file: "ibtmp1"
2023-06-01  9:21:01 0 [Note] InnoDB: Creating shared tablespace for temporary tables
2023-06-01  9:21:01 0 [Note] InnoDB: Setting file 'C:\xampp\mysql\data\ibtmp1' size to 12 MB. Physically writing the file full; Please wait ...
2023-06-01  9:21:01 0 [Note] InnoDB: File 'C:\xampp\mysql\data\ibtmp1' size is now 12 MB.
2023-06-01  9:21:01 0 [Note] InnoDB: Waiting for purge to start
2023-06-01  9:21:01 0 [Note] InnoDB: 10.4.28 started; log sequence number 300297; transaction id 170
2023-06-01  9:21:01 0 [Note] InnoDB: Loading buffer pool(s) from C:\xampp\mysql\data\ib_buffer_pool
2023-06-01  9:21:01 0 [Note] Plugin 'FEEDBACK' is disabled.
2023-06-01  9:21:01 0 [Note] Server socket created on IP: '::'.
2023-06-02  9:21:20 0 [Note] Starting MariaDB 10.4.28-MariaDB source revision c8f2e9a5c0ac5905f28b050b7df5a9ffd914b7e7 as process 10836
2023-06-02  9:21:20 0 [Note] InnoDB: Mutexes and rw_locks use Windows interlocked functions
2023-06-02  9:21:20 0 [Note] InnoDB: Uses event mutexes
2023-06-02  9:21:20 0 [Note] InnoDB: Compressed tables use zlib 1.2.12
2023-06-02  9:21:20 0 [Note] InnoDB: Number of pools: 1
2023-06-02  9:21:20 0 [Note] InnoDB: Using SSE2 crc32 instructions
2023-06-02  9:21:20 0 [Note] InnoDB: Initializing buffer pool, total size = 16M, instances = 1, chunk size = 16M
2023-06-02  9:21:20 0 [Note] InnoDB: Completed initialization of buffer pool
2023-06-02  9:21:20 0 [Note] InnoDB: Starting crash recovery from checkpoint LSN=558881
2023-06-02  9:21:20 0 [Note] InnoDB: 128 out of 128 rollback segments are active.
2023-06-02  9:21:20 0 [Note] InnoDB: Removed temporary tablespace data file: "ibtmp1"
2023-06-02  9:21:20 0 [Note] InnoDB: Creating shared tablespace for temporary tables
2023-06-02  9:21:20 0 [Note] InnoDB: Setting file 'C:\xampp\mysql\data\ibtmp1' size to 12 MB. Physically writing the file full; Please wait ...
2023-06-02  9:21:20 0 [Note] InnoDB: File 'C:\xampp\mysql\data\ibtmp1' size is now 12 MB.
2023-06-02  9:21:20 0 [Note] InnoDB: Waiting for purge to start
2023-06-02  9:21:20 0 [Note] InnoDB: 10.4.28 started; log sequence number 558890; transaction id 802
2023-06-02  9:21:20 0 [Note] InnoDB: Loading buffer pool(s) from C:\xampp\mysql\data\ib_buffer_pool
2023-06-02  9:21:20 0 [Note] Plugin 'FEEDBACK' is disabled.
2023-06-02  9:21:20 0 [Note] InnoDB: Buffer pool(s) load completed at 230602  9:21:20
2023-06-02  9:21:20 0 [Note] Server socket created on IP: '::'.
2023-06-05  9:18:03 0 [Note] Starting MariaDB 10.4.28-MariaDB source revision c8f2e9a5c0ac5905f28b050b7df5a9ffd914b7e7 as process 13896
2023-06-05  9:18:03 0 [Note] InnoDB: Mutexes and rw_locks use Windows interlocked functions
2023-06-05  9:18:03 0 [Note] InnoDB: Uses event mutexes
2023-06-05  9:18:03 0 [Note] InnoDB: Compressed tables use zlib 1.2.12
2023-06-05  9:18:03 0 [Note] InnoDB: Number of pools: 1
2023-06-05  9:18:03 0 [Note] InnoDB: Using SSE2 crc32 instructions
2023-06-05  9:18:03 0 [Note] InnoDB: Initializing buffer pool, total size = 16M, instances = 1, chunk size = 16M
2023-06-05  9:18:03 0 [Note] InnoDB: Completed initialization of buffer pool
2023-06-05  9:18:03 0 [Note] InnoDB: Starting crash recovery from checkpoint LSN=740196
2023-06-05  9:18:03 0 [Note] InnoDB: 128 out of 128 rollback segments are active.
2023-06-05  9:18:03 0 [Note] InnoDB: Removed temporary tablespace data file: "ibtmp1"
2023-06-05  9:18:03 0 [Note] InnoDB: Creating shared tablespace for temporary tables
2023-06-05  9:18:03 0 [Note] InnoDB: Setting file 'C:\xampp\mysql\data\ibtmp1' size to 12 MB. Physically writing the file full; Please wait ...
2023-06-05  9:18:03 0 [Note] InnoDB: File 'C:\xampp\mysql\data\ibtmp1' size is now 12 MB.
2023-06-05  9:18:03 0 [Note] InnoDB: Waiting for purge to start
2023-06-05  9:18:03 0 [Note] InnoDB: 10.4.28 started; log sequence number 740205; transaction id 1128
2023-06-05  9:18:03 0 [Note] InnoDB: Loading buffer pool(s) from C:\xampp\mysql\data\ib_buffer_pool
2023-06-05  9:18:03 0 [Note] Plugin 'FEEDBACK' is disabled.
2023-06-05  9:18:04 0 [Note] InnoDB: Buffer pool(s) load completed at 230605  9:18:04
2023-06-05  9:18:04 0 [Note] Server socket created on IP: '::'.
2023-06-06  9:13:09 0 [Note] Starting MariaDB 10.4.28-MariaDB source revision c8f2e9a5c0ac5905f28b050b7df5a9ffd914b7e7 as process 14004
2023-06-06  9:13:09 0 [Note] InnoDB: Mutexes and rw_locks use Windows interlocked functions
2023-06-06  9:13:09 0 [Note] InnoDB: Uses event mutexes
2023-06-06  9:13:09 0 [Note] InnoDB: Compressed tables use zlib 1.2.12
2023-06-06  9:13:09 0 [Note] InnoDB: Number of pools: 1
2023-06-06  9:13:09 0 [Note] InnoDB: Using SSE2 crc32 instructions
2023-06-06  9:13:09 0 [Note] InnoDB: Initializing buffer pool, total size = 16M, instances = 1, chunk size = 16M
2023-06-06  9:13:09 0 [Note] InnoDB: Completed initialization of buffer pool
2023-06-06  9:13:09 0 [Note] InnoDB: Starting crash recovery from checkpoint LSN=740760
2023-06-06  9:13:09 0 [Note] InnoDB: 128 out of 128 rollback segments are active.
2023-06-06  9:13:09 0 [Note] InnoDB: Removed temporary tablespace data file: "ibtmp1"
2023-06-06  9:13:09 0 [Note] InnoDB: Creating shared tablespace for temporary tables
2023-06-06  9:13:09 0 [Note] InnoDB: Setting file 'C:\xampp\mysql\data\ibtmp1' size to 12 MB. Physically writing the file full; Please wait ...
2023-06-06  9:13:09 0 [Note] InnoDB: File 'C:\xampp\mysql\data\ibtmp1' size is now 12 MB.
2023-06-06  9:13:09 0 [Note] InnoDB: Waiting for purge to start
2023-06-06  9:13:09 0 [Note] InnoDB: 10.4.28 started; log sequence number 740769; transaction id 1151
2023-06-06  9:13:09 0 [Note] InnoDB: Loading buffer pool(s) from C:\xampp\mysql\data\ib_buffer_pool
2023-06-06  9:13:09 0 [Note] Plugin 'FEEDBACK' is disabled.
2023-06-06  9:13:09 0 [Note] InnoDB: Buffer pool(s) load completed at 230606  9:13:09
2023-06-06  9:13:09 0 [Note] Server socket created on IP: '::'.
2023-06-07  9:05:58 0 [Note] Starting MariaDB 10.4.28-MariaDB source revision c8f2e9a5c0ac5905f28b050b7df5a9ffd914b7e7 as process 5112
2023-06-07  9:05:58 0 [Note] InnoDB: Mutexes and rw_locks use Windows interlocked functions
2023-06-07  9:05:58 0 [Note] InnoDB: Uses event mutexes
2023-06-07  9:05:58 0 [Note] InnoDB: Compressed tables use zlib 1.2.12
2023-06-07  9:05:58 0 [Note] InnoDB: Number of pools: 1
2023-06-07  9:05:58 0 [Note] InnoDB: Using SSE2 crc32 instructions
2023-06-07  9:05:58 0 [Note] InnoDB: Initializing buffer pool, total size = 16M, instances = 1, chunk size = 16M
2023-06-07  9:05:58 0 [Note] InnoDB: Completed initialization of buffer pool
2023-06-07  9:05:58 0 [Note] InnoDB: Starting crash recovery from checkpoint LSN=2237155
2023-06-07  9:05:59 0 [Note] InnoDB: 128 out of 128 rollback segments are active.
2023-06-07  9:05:59 0 [Note] InnoDB: Removed temporary tablespace data file: "ibtmp1"
2023-06-07  9:05:59 0 [Note] InnoDB: Creating shared tablespace for temporary tables
2023-06-07  9:05:59 0 [Note] InnoDB: Setting file 'C:\xampp\mysql\data\ibtmp1' size to 12 MB. Physically writing the file full; Please wait ...
2023-06-07  9:05:59 0 [Note] InnoDB: File 'C:\xampp\mysql\data\ibtmp1' size is now 12 MB.
2023-06-07  9:05:59 0 [Note] InnoDB: Waiting for purge to start
2023-06-07  9:05:59 0 [Note] InnoDB: 10.4.28 started; log sequence number 2237164; transaction id 2064
2023-06-07  9:05:59 0 [Note] InnoDB: Loading buffer pool(s) from C:\xampp\mysql\data\ib_buffer_pool
2023-06-07  9:05:59 0 [Note] Plugin 'FEEDBACK' is disabled.
2023-06-07  9:05:59 0 [Note] InnoDB: Buffer pool(s) load completed at 230607  9:05:59
2023-06-07  9:05:59 0 [Note] Server socket created on IP: '::'.
2023-06-08  9:23:47 0 [Note] Starting MariaDB 10.4.28-MariaDB source revision c8f2e9a5c0ac5905f28b050b7df5a9ffd914b7e7 as process 16420
2023-06-08  9:23:47 0 [Note] mysqld.exe: Aria engine: starting recovery
recovered pages: 0% 13% 24% 34% 45% 56% 67% 78% 89% 100% (0.0 seconds); tables to flush: 1 0
 (0.0 seconds); 
2023-06-08  9:23:47 0 [Note] mysqld.exe: Aria engine: recovery done
2023-06-08  9:23:47 0 [Note] InnoDB: Mutexes and rw_locks use Windows interlocked functions
2023-06-08  9:23:47 0 [Note] InnoDB: Uses event mutexes
2023-06-08  9:23:47 0 [Note] InnoDB: Compressed tables use zlib 1.2.12
2023-06-08  9:23:47 0 [Note] InnoDB: Number of pools: 1
2023-06-08  9:23:47 0 [Note] InnoDB: Using SSE2 crc32 instructions
2023-06-08  9:23:47 0 [Note] InnoDB: Initializing buffer pool, total size = 16M, instances = 1, chunk size = 16M
2023-06-08  9:23:47 0 [Note] InnoDB: Completed initialization of buffer pool
2023-06-08  9:23:47 0 [Note] InnoDB: Starting crash recovery from checkpoint LSN=2346697
2023-06-08  9:23:47 0 [Note] InnoDB: 128 out of 128 rollback segments are active.
2023-06-08  9:23:47 0 [Note] InnoDB: Removed temporary tablespace data file: "ibtmp1"
2023-06-08  9:23:47 0 [Note] InnoDB: Creating shared tablespace for temporary tables
2023-06-08  9:23:47 0 [Note] InnoDB: Setting file 'C:\xampp\mysql\data\ibtmp1' size to 12 MB. Physically writing the file full; Please wait ...
2023-06-08  9:23:47 0 [Note] InnoDB: File 'C:\xampp\mysql\data\ibtmp1' size is now 12 MB.
2023-06-08  9:23:47 0 [Note] InnoDB: Waiting for purge to start
2023-06-08  9:23:47 0 [Note] InnoDB: 10.4.28 started; log sequence number 2346706; transaction id 2384
2023-06-08  9:23:47 0 [Note] InnoDB: Loading buffer pool(s) from C:\xampp\mysql\data\ib_buffer_pool
2023-06-08  9:23:47 0 [Note] Plugin 'FEEDBACK' is disabled.
2023-06-08  9:23:47 0 [Note] InnoDB: Buffer pool(s) load completed at 230608  9:23:47
2023-06-08  9:23:47 0 [Note] Server socket created on IP: '::'.
2023-06-08  9:23:58 0 [Note] Starting MariaDB 10.4.28-MariaDB source revision c8f2e9a5c0ac5905f28b050b7df5a9ffd914b7e7 as process 7052
2023-06-08  9:23:58 0 [Note] InnoDB: Mutexes and rw_locks use Windows interlocked functions
2023-06-08  9:23:58 0 [Note] InnoDB: Uses event mutexes
2023-06-08  9:23:58 0 [Note] InnoDB: Compressed tables use zlib 1.2.12
2023-06-08  9:23:58 0 [Note] InnoDB: Number of pools: 1
2023-06-08  9:23:58 0 [Note] InnoDB: Using SSE2 crc32 instructions
2023-06-08  9:23:58 0 [Note] InnoDB: Initializing buffer pool, total size = 16M, instances = 1, chunk size = 16M
2023-06-08  9:23:58 0 [Note] InnoDB: Completed initialization of buffer pool
2023-06-08  9:23:58 0 [Note] InnoDB: 128 out of 128 rollback segments are active.
2023-06-08  9:23:58 0 [Note] InnoDB: Creating shared tablespace for temporary tables
2023-06-08  9:23:58 0 [Note] InnoDB: Setting file 'C:\xampp\mysql\data\ibtmp1' size to 12 MB. Physically writing the file full; Please wait ...
2023-06-08  9:23:58 0 [Note] InnoDB: File 'C:\xampp\mysql\data\ibtmp1' size is now 12 MB.
2023-06-08  9:23:58 0 [Note] InnoDB: Waiting for purge to start
2023-06-08  9:23:58 0 [Note] InnoDB: 10.4.28 started; log sequence number 2346715; transaction id 2384
2023-06-08  9:23:58 0 [Note] InnoDB: Loading buffer pool(s) from C:\xampp\mysql\data\ib_buffer_pool
2023-06-08  9:23:58 0 [Note] Plugin 'FEEDBACK' is disabled.
2023-06-08  9:23:58 0 [Note] Server socket created on IP: '::'.
2023-06-08  9:24:04 0 [Note] Starting MariaDB 10.4.28-MariaDB source revision c8f2e9a5c0ac5905f28b050b7df5a9ffd914b7e7 as process 13876
2023-06-08  9:24:04 0 [Note] InnoDB: Mutexes and rw_locks use Windows interlocked functions
2023-06-08  9:24:04 0 [Note] InnoDB: Uses event mutexes
2023-06-08  9:24:04 0 [Note] InnoDB: Compressed tables use zlib 1.2.12
2023-06-08  9:24:04 0 [Note] InnoDB: Number of pools: 1
2023-06-08  9:24:04 0 [Note] InnoDB: Using SSE2 crc32 instructions
2023-06-08  9:24:04 0 [Note] InnoDB: Initializing buffer pool, total size = 16M, instances = 1, chunk size = 16M
2023-06-08  9:24:04 0 [Note] InnoDB: Completed initialization of buffer pool
2023-06-08  9:24:04 0 [Note] InnoDB: 128 out of 128 rollback segments are active.
2023-06-08  9:24:04 0 [Note] InnoDB: Creating shared tablespace for temporary tables
2023-06-08  9:24:04 0 [Note] InnoDB: Setting file 'C:\xampp\mysql\data\ibtmp1' size to 12 MB. Physically writing the file full; Please wait ...
2023-06-08  9:24:04 0 [Note] InnoDB: File 'C:\xampp\mysql\data\ibtmp1' size is now 12 MB.
2023-06-08  9:24:04 0 [Note] InnoDB: Waiting for purge to start
2023-06-08  9:24:04 0 [Note] InnoDB: 10.4.28 started; log sequence number 2346724; transaction id 2384
2023-06-08  9:24:04 0 [Note] InnoDB: Loading buffer pool(s) from C:\xampp\mysql\data\ib_buffer_pool
2023-06-08  9:24:04 0 [Note] Plugin 'FEEDBACK' is disabled.
2023-06-08  9:24:04 0 [Note] Server socket created on IP: '::'.
2023-06-08  9:24:17 0 [Note] Starting MariaDB 10.4.28-MariaDB source revision c8f2e9a5c0ac5905f28b050b7df5a9ffd914b7e7 as process 3648
2023-06-08  9:24:17 0 [Note] InnoDB: Mutexes and rw_locks use Windows interlocked functions
2023-06-08  9:24:17 0 [Note] InnoDB: Uses event mutexes
2023-06-08  9:24:17 0 [Note] InnoDB: Compressed tables use zlib 1.2.12
2023-06-08  9:24:17 0 [Note] InnoDB: Number of pools: 1
2023-06-08  9:24:17 0 [Note] InnoDB: Using SSE2 crc32 instructions
2023-06-08  9:24:17 0 [Note] InnoDB: Initializing buffer pool, total size = 16M, instances = 1, chunk size = 16M
2023-06-08  9:24:17 0 [Note] InnoDB: Completed initialization of buffer pool
2023-06-08  9:24:17 0 [Note] InnoDB: 128 out of 128 rollback segments are active.
2023-06-08  9:24:17 0 [Note] InnoDB: Creating shared tablespace for temporary tables
2023-06-08  9:24:17 0 [Note] InnoDB: Setting file 'C:\xampp\mysql\data\ibtmp1' size to 12 MB. Physically writing the file full; Please wait ...
2023-06-08  9:24:17 0 [Note] InnoDB: File 'C:\xampp\mysql\data\ibtmp1' size is now 12 MB.
2023-06-08  9:24:17 0 [Note] InnoDB: Waiting for purge to start
2023-06-08  9:24:17 0 [Note] InnoDB: 10.4.28 started; log sequence number 2346733; transaction id 2384
2023-06-08  9:24:17 0 [Note] InnoDB: Loading buffer pool(s) from C:\xampp\mysql\data\ib_buffer_pool
2023-06-08  9:24:17 0 [Note] Plugin 'FEEDBACK' is disabled.
2023-06-08  9:24:17 0 [Note] Server socket created on IP: '::'.
2023-06-08  9:24:19 0 [Note] Starting MariaDB 10.4.28-MariaDB source revision c8f2e9a5c0ac5905f28b050b7df5a9ffd914b7e7 as process 16256
2023-06-08  9:24:19 0 [Note] InnoDB: Mutexes and rw_locks use Windows interlocked functions
2023-06-08  9:24:19 0 [Note] InnoDB: Uses event mutexes
2023-06-08  9:24:19 0 [Note] InnoDB: Compressed tables use zlib 1.2.12
2023-06-08  9:24:19 0 [Note] InnoDB: Number of pools: 1
2023-06-08  9:24:19 0 [Note] InnoDB: Using SSE2 crc32 instructions
2023-06-08  9:24:19 0 [Note] InnoDB: Initializing buffer pool, total size = 16M, instances = 1, chunk size = 16M
2023-06-08  9:24:19 0 [Note] InnoDB: Completed initialization of buffer pool
2023-06-08  9:24:19 0 [Note] InnoDB: 128 out of 128 rollback segments are active.
2023-06-08  9:24:19 0 [Note] InnoDB: Creating shared tablespace for temporary tables
2023-06-08  9:24:19 0 [Note] InnoDB: Setting file 'C:\xampp\mysql\data\ibtmp1' size to 12 MB. Physically writing the file full; Please wait ...
2023-06-08  9:24:19 0 [Note] InnoDB: File 'C:\xampp\mysql\data\ibtmp1' size is now 12 MB.
2023-06-08  9:24:19 0 [Note] InnoDB: Waiting for purge to start
2023-06-08  9:24:19 0 [Note] InnoDB: 10.4.28 started; log sequence number 2346742; transaction id 2384
2023-06-08  9:24:19 0 [Note] InnoDB: Loading buffer pool(s) from C:\xampp\mysql\data\ib_buffer_pool
2023-06-08  9:24:19 0 [Note] Plugin 'FEEDBACK' is disabled.
2023-06-08  9:24:19 0 [Note] Server socket created on IP: '::'.
2023-06-08  9:24:25 0 [Note] Starting MariaDB 10.4.28-MariaDB source revision c8f2e9a5c0ac5905f28b050b7df5a9ffd914b7e7 as process 10340
2023-06-08  9:24:25 0 [Note] InnoDB: Mutexes and rw_locks use Windows interlocked functions
2023-06-08  9:24:25 0 [Note] InnoDB: Uses event mutexes
2023-06-08  9:24:25 0 [Note] InnoDB: Compressed tables use zlib 1.2.12
2023-06-08  9:24:25 0 [Note] InnoDB: Number of pools: 1
2023-06-08  9:24:25 0 [Note] InnoDB: Using SSE2 crc32 instructions
2023-06-08  9:24:25 0 [Note] InnoDB: Initializing buffer pool, total size = 16M, instances = 1, chunk size = 16M
2023-06-08  9:24:25 0 [Note] InnoDB: Completed initialization of buffer pool
2023-06-08  9:24:25 0 [Note] InnoDB: 128 out of 128 rollback segments are active.
2023-06-08  9:24:25 0 [Note] InnoDB: Creating shared tablespace for temporary tables
2023-06-08  9:24:25 0 [Note] InnoDB: Setting file 'C:\xampp\mysql\data\ibtmp1' size to 12 MB. Physically writing the file full; Please wait ...
2023-06-08  9:24:25 0 [Note] InnoDB: File 'C:\xampp\mysql\data\ibtmp1' size is now 12 MB.
2023-06-08  9:24:25 0 [Note] InnoDB: Waiting for purge to start
2023-06-08  9:24:25 0 [Note] InnoDB: 10.4.28 started; log sequence number 2346751; transaction id 2384
2023-06-08  9:24:25 0 [Note] InnoDB: Loading buffer pool(s) from C:\xampp\mysql\data\ib_buffer_pool
2023-06-08  9:24:25 0 [Note] Plugin 'FEEDBACK' is disabled.
2023-06-08  9:24:25 0 [Note] Server socket created on IP: '::'.
2023-06-08  9:24:28 0 [Note] Starting MariaDB 10.4.28-MariaDB source revision c8f2e9a5c0ac5905f28b050b7df5a9ffd914b7e7 as process 12044
2023-06-08  9:24:28 0 [Note] InnoDB: Mutexes and rw_locks use Windows interlocked functions
2023-06-08  9:24:28 0 [Note] InnoDB: Uses event mutexes
2023-06-08  9:24:28 0 [Note] InnoDB: Compressed tables use zlib 1.2.12
2023-06-08  9:24:28 0 [Note] InnoDB: Number of pools: 1
2023-06-08  9:24:28 0 [Note] InnoDB: Using SSE2 crc32 instructions
2023-06-08  9:24:28 0 [Note] InnoDB: Initializing buffer pool, total size = 16M, instances = 1, chunk size = 16M
2023-06-08  9:24:28 0 [Note] InnoDB: Completed initialization of buffer pool
2023-06-08  9:24:28 0 [Note] InnoDB: 128 out of 128 rollback segments are active.
2023-06-08  9:24:28 0 [Note] InnoDB: Creating shared tablespace for temporary tables
2023-06-08  9:24:28 0 [Note] InnoDB: Setting file 'C:\xampp\mysql\data\ibtmp1' size to 12 MB. Physically writing the file full; Please wait ...
2023-06-08  9:24:28 0 [Note] InnoDB: File 'C:\xampp\mysql\data\ibtmp1' size is now 12 MB.
2023-06-08  9:24:28 0 [Note] InnoDB: Waiting for purge to start
2023-06-08  9:24:28 0 [Note] InnoDB: 10.4.28 started; log sequence number 2346760; transaction id 2384
2023-06-08  9:24:28 0 [Note] InnoDB: Loading buffer pool(s) from C:\xampp\mysql\data\ib_buffer_pool
2023-06-08  9:24:28 0 [Note] Plugin 'FEEDBACK' is disabled.
2023-06-08  9:24:28 0 [Note] Server socket created on IP: '::'.
2023-06-08  9:24:40 0 [Note] Starting MariaDB 10.4.28-MariaDB source revision c8f2e9a5c0ac5905f28b050b7df5a9ffd914b7e7 as process 13432
2023-06-08  9:24:40 0 [Note] InnoDB: Mutexes and rw_locks use Windows interlocked functions
2023-06-08  9:24:40 0 [Note] InnoDB: Uses event mutexes
2023-06-08  9:24:40 0 [Note] InnoDB: Compressed tables use zlib 1.2.12
2023-06-08  9:24:40 0 [Note] InnoDB: Number of pools: 1
2023-06-08  9:24:40 0 [Note] InnoDB: Using SSE2 crc32 instructions
2023-06-08  9:24:40 0 [Note] InnoDB: Initializing buffer pool, total size = 16M, instances = 1, chunk size = 16M
2023-06-08  9:24:40 0 [Note] InnoDB: Completed initialization of buffer pool
2023-06-08  9:24:40 0 [Note] InnoDB: 128 out of 128 rollback segments are active.
2023-06-08  9:24:40 0 [Note] InnoDB: Creating shared tablespace for temporary tables
2023-06-08  9:24:40 0 [Note] InnoDB: Setting file 'C:\xampp\mysql\data\ibtmp1' size to 12 MB. Physically writing the file full; Please wait ...
2023-06-08  9:24:40 0 [Note] InnoDB: File 'C:\xampp\mysql\data\ibtmp1' size is now 12 MB.
2023-06-08  9:24:40 0 [Note] InnoDB: Waiting for purge to start
2023-06-08  9:24:40 0 [Note] InnoDB: 10.4.28 started; log sequence number 2346769; transaction id 2384
2023-06-08  9:24:40 0 [Note] InnoDB: Loading buffer pool(s) from C:\xampp\mysql\data\ib_buffer_pool
2023-06-08  9:24:40 0 [Note] Plugin 'FEEDBACK' is disabled.
2023-06-08  9:24:40 0 [Note] Server socket created on IP: '::'.
2023-06-08  9:25:56 0 [Note] Starting MariaDB 10.4.28-MariaDB source revision c8f2e9a5c0ac5905f28b050b7df5a9ffd914b7e7 as process 2468
2023-06-08  9:25:56 0 [Note] InnoDB: Mutexes and rw_locks use Windows interlocked functions
2023-06-08  9:25:56 0 [Note] InnoDB: Uses event mutexes
2023-06-08  9:25:56 0 [Note] InnoDB: Compressed tables use zlib 1.2.12
2023-06-08  9:25:56 0 [Note] InnoDB: Number of pools: 1
2023-06-08  9:25:56 0 [Note] InnoDB: Using SSE2 crc32 instructions
2023-06-08  9:25:56 0 [Note] InnoDB: Initializing buffer pool, total size = 16M, instances = 1, chunk size = 16M
2023-06-08  9:25:56 0 [Note] InnoDB: Completed initialization of buffer pool
2023-06-08  9:25:56 0 [Note] InnoDB: 128 out of 128 rollback segments are active.
2023-06-08  9:25:56 0 [Note] InnoDB: Creating shared tablespace for temporary tables
2023-06-08  9:25:56 0 [Note] InnoDB: Setting file 'C:\xampp\mysql\data\ibtmp1' size to 12 MB. Physically writing the file full; Please wait ...
2023-06-08  9:25:56 0 [Note] InnoDB: File 'C:\xampp\mysql\data\ibtmp1' size is now 12 MB.
2023-06-08  9:25:56 0 [Note] InnoDB: Waiting for purge to start
2023-06-08  9:25:56 0 [Note] InnoDB: 10.4.28 started; log sequence number 2346778; transaction id 2384
2023-06-08  9:25:56 0 [Note] InnoDB: Loading buffer pool(s) from C:\xampp\mysql\data\ib_buffer_pool
2023-06-08  9:25:56 0 [Note] Plugin 'FEEDBACK' is disabled.
2023-06-08  9:25:56 0 [Note] Server socket created on IP: '::'.
